# JRE version: Java(TM) SE Runtime Environment (8.0_172-b11) (build 1.8.0_172-b11)
# Java VM: GraalVM 1.0.0-rc7 (25.71-b01-internal-jvmci-0.48 mixed mode linux-amd64 compressed oops)
Heap:
 PSYoungGen      total 876544K, used 0K [0x000000076f900000, 0x00000007c0000000, 0x00000007c0000000)
  eden space 437248K, 0% used [0x000000076f900000,0x000000076f900000,0x000000078a400000)
  from space 439296K, 0% used [0x000000078a400000,0x000000078a400000,0x00000007a5100000)
  to   space 439296K, 0% used [0x00000007a5300000,0x00000007a5300000,0x00000007c0000000)
 ParOldGen       total 1652736K, used 1609731K [0x00000006cea00000, 0x0000000733800000, 0x000000076f900000)
  object space 1652736K, 97% used [0x00000006cea00000,0x0000000730e00ce8,0x0000000733800000)
 Metaspace       used 27834K, capacity 28792K, committed 29104K, reserved 1075200K
  class space    used 3715K, capacity 3928K, committed 4016K, reserved 1048576K
GC Heap History (10 events):
Event: 52,400 GC heap after
Heap after GC invocations=30 (full 5):
 PSYoungGen      total 728064K, used 113135K [0x000000076f900000, 0x00000007b5380000, 0x00000007c0000000)
  eden space 359424K, 0% used [0x000000076f900000,0x000000076f900000,0x0000000785800000)
  from space 368640K, 30% used [0x0000000785800000,0x000000078c67bcd8,0x000000079c000000)
  to   space 367616K, 0% used [0x000000079ec80000,0x000000079ec80000,0x00000007b5380000)
 ParOldGen       total 1652736K, used 1054607K [0x00000006cea00000, 0x0000000733800000, 0x000000076f900000)
  object space 1652736K, 63% used [0x00000006cea00000,0x000000070efe3f98,0x0000000733800000)
 Metaspace       used 27834K, capacity 28792K, committed 29104K, reserved 1075200K
  class space    used 3715K, capacity 3928K, committed 4016K, reserved 1048576K
}
Event: 56,107 GC heap before
{Heap before GC invocations=31 (full 5):
 PSYoungGen      total 728064K, used 472559K [0x000000076f900000, 0x00000007b5380000, 0x00000007c0000000)
  eden space 359424K, 100% used [0x000000076f900000,0x0000000785800000,0x0000000785800000)
  from space 368640K, 30% used [0x0000000785800000,0x000000078c67bcd8,0x000000079c000000)
  to   space 367616K, 0% used [0x000000079ec80000,0x000000079ec80000,0x00000007b5380000)
 ParOldGen       total 1652736K, used 1054607K [0x00000006cea00000, 0x0000000733800000, 0x000000076f900000)
  object space 1652736K, 63% used [0x00000006cea00000,0x000000070efe3f98,0x0000000733800000)
 Metaspace       used 27834K, capacity 28792K, committed 29104K, reserved 1075200K
  class space    used 3715K, capacity 3928K, committed 4016K, reserved 1048576K
Event: 56,917 GC heap after
Heap after GC invocations=31 (full 5):
 PSYoungGen      total 769024K, used 211872K [0x000000076f900000, 0x00000007b5400000, 0x00000007c0000000)
  eden space 401408K, 0% used [0x000000076f900000,0x000000076f900000,0x0000000788100000)
  from space 367616K, 57% used [0x000000079ec80000,0x00000007abb68000,0x00000007b5380000)
  to   space 370176K, 0% used [0x0000000788100000,0x0000000788100000,0x000000079ea80000)
 ParOldGen       total 1652736K, used 1054607K [0x00000006cea00000, 0x0000000733800000, 0x000000076f900000)
  object space 1652736K, 63% used [0x00000006cea00000,0x000000070efe3f98,0x0000000733800000)
 Metaspace       used 27834K, capacity 28792K, committed 29104K, reserved 1075200K
  class space    used 3715K, capacity 3928K, committed 4016K, reserved 1048576K
}
Event: 60,407 GC heap before
{Heap before GC invocations=32 (full 5):
 PSYoungGen      total 769024K, used 613280K [0x000000076f900000, 0x00000007b5400000, 0x00000007c0000000)
  eden space 401408K, 100% used [0x000000076f900000,0x0000000788100000,0x0000000788100000)
  from space 367616K, 57% used [0x000000079ec80000,0x00000007abb68000,0x00000007b5380000)
  to   space 370176K, 0% used [0x0000000788100000,0x0000000788100000,0x000000079ea80000)
 ParOldGen       total 1652736K, used 1054607K [0x00000006cea00000, 0x0000000733800000, 0x000000076f900000)
  object space 1652736K, 63% used [0x00000006cea00000,0x000000070efe3f98,0x0000000733800000)
 Metaspace       used 27834K, capacity 28792K, committed 29104K, reserved 1075200K
  class space    used 3715K, capacity 3928K, committed 4016K, reserved 1048576K
Event: 60,792 GC heap after
Heap after GC invocations=32 (full 5):
 PSYoungGen      total 771584K, used 370168K [0x000000076f900000, 0x00000007bf480000, 0x00000007c0000000)
  eden space 401408K, 0% used [0x000000076f900000,0x000000076f900000,0x0000000788100000)
  from space 370176K, 99% used [0x0000000788100000,0x000000079ea7e138,0x000000079ea80000)
  to   space 429568K, 0% used [0x00000007a5100000,0x00000007a5100000,0x00000007bf480000)
 ParOldGen       total 1652736K, used 1054919K [0x00000006cea00000, 0x0000000733800000, 0x000000076f900000)
  object space 1652736K, 63% used [0x00000006cea00000,0x000000070f031f98,0x0000000733800000)
 Metaspace       used 27834K, capacity 28792K, committed 29104K, reserved 1075200K
  class space    used 3715K, capacity 3928K, committed 4016K, reserved 1048576K
}
Event: 64,827 GC heap before
{Heap before GC invocations=33 (full 5):
 PSYoungGen      total 771584K, used 771576K [0x000000076f900000, 0x00000007bf480000, 0x00000007c0000000)
  eden space 401408K, 100% used [0x000000076f900000,0x0000000788100000,0x0000000788100000)
  from space 370176K, 99% used [0x0000000788100000,0x000000079ea7e138,0x000000079ea80000)
  to   space 429568K, 0% used [0x00000007a5100000,0x00000007a5100000,0x00000007bf480000)
 ParOldGen       total 1652736K, used 1054919K [0x00000006cea00000, 0x0000000733800000, 0x000000076f900000)
  object space 1652736K, 63% used [0x00000006cea00000,0x000000070f031f98,0x0000000733800000)
 Metaspace       used 27834K, capacity 28792K, committed 29104K, reserved 1075200K
  class space    used 3715K, capacity 3928K, committed 4016K, reserved 1048576K
Event: 66,187 GC heap after
Heap after GC invocations=33 (full 5):
 PSYoungGen      total 866816K, used 367000K [0x000000076f900000, 0x00000007c0000000, 0x00000007c0000000)
  eden space 437248K, 0% used [0x000000076f900000,0x000000076f900000,0x000000078a400000)
  from space 429568K, 85% used [0x00000007a5100000,0x00000007bb766138,0x00000007bf480000)
  to   space 439296K, 0% used [0x000000078a400000,0x000000078a400000,0x00000007a5100000)
 ParOldGen       total 1652736K, used 1168311K [0x00000006cea00000, 0x0000000733800000, 0x000000076f900000)
  object space 1652736K, 70% used [0x00000006cea00000,0x0000000715eedf98,0x0000000733800000)
 Metaspace       used 27834K, capacity 28792K, committed 29104K, reserved 1075200K
  class space    used 3715K, capacity 3928K, committed 4016K, reserved 1048576K
}
Event: 69,524 GC heap before
{Heap before GC invocations=34 (full 5):
 PSYoungGen      total 866816K, used 804248K [0x000000076f900000, 0x00000007c0000000, 0x00000007c0000000)
  eden space 437248K, 100% used [0x000000076f900000,0x000000078a400000,0x000000078a400000)
  from space 429568K, 85% used [0x00000007a5100000,0x00000007bb766138,0x00000007bf480000)
  to   space 439296K, 0% used [0x000000078a400000,0x000000078a400000,0x00000007a5100000)
 ParOldGen       total 1652736K, used 1168311K [0x00000006cea00000, 0x0000000733800000, 0x000000076f900000)
  object space 1652736K, 70% used [0x00000006cea00000,0x0000000715eedf98,0x0000000733800000)
 Metaspace       used 27834K, capacity 28792K, committed 29104K, reserved 1075200K
  class space    used 3715K, capacity 3928K, committed 4016K, reserved 1048576K
Event: 70,168 GC heap after
Heap after GC invocations=34 (full 5):
 PSYoungGen      total 876544K, used 229920K [0x000000076f900000, 0x00000007c0000000, 0x00000007c0000000)
  eden space 437248K, 0% used [0x000000076f900000,0x000000076f900000,0x000000078a400000)
  from space 439296K, 52% used [0x000000078a400000,0x0000000798488000,0x00000007a5100000)
  to   space 439296K, 0% used [0x00000007a5300000,0x00000007a5300000,0x00000007c0000000)
 ParOldGen       total 1652736K, used 1425768K [0x00000006cea00000, 0x0000000733800000, 0x000000076f900000)
  object space 1652736K, 86% used [0x00000006cea00000,0x0000000725a5a0d0,0x0000000733800000)
 Metaspace       used 27834K, capacity 28792K, committed 29104K, reserved 1075200K
  class space    used 3715K, capacity 3928K, committed 4016K, reserved 1048576K
}
Event: 70,188 GC heap before
{Heap before GC invocations=35 (full 6):
 PSYoungGen      total 876544K, used 229920K [0x000000076f900000, 0x00000007c0000000, 0x00000007c0000000)
  eden space 437248K, 0% used [0x000000076f900000,0x000000076f900000,0x000000078a400000)
  from space 439296K, 52% used [0x000000078a400000,0x0000000798488000,0x00000007a5100000)
  to   space 439296K, 0% used [0x00000007a5300000,0x00000007a5300000,0x00000007c0000000)
 ParOldGen       total 1652736K, used 1425768K [0x00000006cea00000, 0x0000000733800000, 0x000000076f900000)
  object space 1652736K, 86% used [0x00000006cea00000,0x0000000725a5a0d0,0x0000000733800000)
 Metaspace       used 27834K, capacity 28792K, committed 29104K, reserved 1075200K
  class space    used 3715K, capacity 3928K, committed 4016K, reserved 1048576K

